2023-03-12 15:10:23.376  WARN 4752 --- [main] i.InstanceMetadataServiceResourceFetcher : Fail to retrieve token 

com.amazonaws.SdkClientException: Failed to connect to service endpoint: 
	at com.amazonaws.internal.EC2ResourceFetcher.doReadResource(EC2ResourceFetcher.java:100) ~[aws-java-sdk-core-1.12.266.jar:na]
	at com.amazonaws.internal.InstanceMetadataServiceResourceFetcher.getToken(InstanceMetadataServiceResourceFetcher.java:91) ~[aws-java-sdk-core-1.12.266.jar:na]
	at com.amazonaws.internal.InstanceMetadataServiceResourceFetcher.readResource(InstanceMetadataServiceResourceFetcher.java:69) ~[aws-java-sdk-core-1.12.266.jar:na]
	at com.amazonaws.internal.EC2ResourceFetcher.readResource(EC2ResourceFetcher.java:66) ~[aws-java-sdk-core-1.12.266.jar:na]
	at com.amazonaws.auth.InstanceMetadataServiceCredentialsFetcher.getCredentialsEndpoint(InstanceMetadataServiceCredentialsFetcher.java:60) ~[aws-java-sdk-core-1.12.266.jar:na]
	at com.amazonaws.auth.InstanceMetadataServiceCredentialsFetcher.getCredentialsResponse(InstanceMetadataServiceCredentialsFetcher.java:48) ~[aws-java-sdk-core-1.12.266.jar:na]
	at com.amazonaws.auth.BaseCredentialsFetcher.fetchCredentials(BaseCredentialsFetcher.java:124) ~[aws-java-sdk-core-1.12.266.jar:na]
	at com.amazonaws.auth.BaseCredentialsFetcher.getCredentials(BaseCredentialsFetcher.java:80) ~[aws-java-sdk-core-1.12.266.jar:na]
	at com.amazonaws.auth.InstanceProfileCredentialsProvider.getCredentials(InstanceProfileCredentialsProvider.java:166) ~[aws-java-sdk-core-1.12.266.jar:na]
	at com.amazonaws.auth.EC2ContainerCredentialsProviderWrapper.getCredentials(EC2ContainerCredentialsProviderWrapper.java:75) ~[aws-java-sdk-core-1.12.266.jar:na]
	at com.amazonaws.auth.AWSCredentialsProviderChain.getCredentials(AWSCredentialsProviderChain.java:117) ~[aws-java-sdk-core-1.12.266.jar:na]
	at com.amazonaws.http.AmazonHttpClient$RequestExecutor.getCredentialsFromContext(AmazonHttpClient.java:1269) ~[aws-java-sdk-core-1.12.266.jar:na]
	at com.amazonaws.http.AmazonHttpClient$RequestExecutor.runBeforeRequestHandlers(AmazonHttpClient.java:845) ~[aws-java-sdk-core-1.12.266.jar:na]
	at com.amazonaws.http.AmazonHttpClient$RequestExecutor.doExecute(AmazonHttpClient.java:794) ~[aws-java-sdk-core-1.12.266.jar:na]
	at com.amazonaws.http.AmazonHttpClient$RequestExecutor.executeWithTimer(AmazonHttpClient.java:781) ~[aws-java-sdk-core-1.12.266.jar:na]
	at com.amazonaws.http.AmazonHttpClient$RequestExecutor.execute(AmazonHttpClient.java:755) ~[aws-java-sdk-core-1.12.266.jar:na]
	at com.amazonaws.http.AmazonHttpClient$RequestExecutor.access$500(AmazonHttpClient.java:715) ~[aws-java-sdk-core-1.12.266.jar:na]
	at com.amazonaws.http.AmazonHttpClient$RequestExecutionBuilderImpl.execute(AmazonHttpClient.java:697) ~[aws-java-sdk-core-1.12.266.jar:na]
	at com.amazonaws.http.AmazonHttpClient.execute(AmazonHttpClient.java:561) ~[aws-java-sdk-core-1.12.266.jar:na]
	at com.amazonaws.http.AmazonHttpClient.execute(AmazonHttpClient.java:541) ~[aws-java-sdk-core-1.12.266.jar:na]
	at com.amazonaws.services.simplesystemsmanagement.AWSSimpleSystemsManagementClient.doInvoke(AWSSimpleSystemsManagementClient.java:10857) ~[aws-java-sdk-ssm-1.12.266.jar:na]
	at com.amazonaws.services.simplesystemsmanagement.AWSSimpleSystemsManagementClient.invoke(AWSSimpleSystemsManagementClient.java:10824) ~[aws-java-sdk-ssm-1.12.266.jar:na]
	at com.amazonaws.services.simplesystemsmanagement.AWSSimpleSystemsManagementClient.invoke(AWSSimpleSystemsManagementClient.java:10813) ~[aws-java-sdk-ssm-1.12.266.jar:na]
	at com.amazonaws.services.simplesystemsmanagement.AWSSimpleSystemsManagementClient.executeGetParametersByPath(AWSSimpleSystemsManagementClient.java:6568) ~[aws-java-sdk-ssm-1.12.266.jar:na]
	at com.amazonaws.services.simplesystemsmanagement.AWSSimpleSystemsManagementClient.getParametersByPath(AWSSimpleSystemsManagementClient.java:6537) ~[aws-java-sdk-ssm-1.12.266.jar:na]
	at io.awspring.cloud.paramstore.AwsParamStorePropertySource.getParameters(AwsParamStorePropertySource.java:69) ~[spring-cloud-aws-parameter-store-config-2.4.2.jar:2.4.2]
	at io.awspring.cloud.paramstore.AwsParamStorePropertySource.init(AwsParamStorePropertySource.java:55) ~[spring-cloud-aws-parameter-store-config-2.4.2.jar:2.4.2]
	at io.awspring.cloud.paramstore.AwsParamStorePropertySources.createPropertySource(AwsParamStorePropertySources.java:99) ~[spring-cloud-aws-parameter-store-config-2.4.2.jar:2.4.2]
	at io.awspring.cloud.paramstore.AwsParamStorePropertySourceLocator.locate(AwsParamStorePropertySourceLocator.java:87) ~[spring-cloud-aws-parameter-store-config-2.4.2.jar:2.4.2]
	at org.springframework.cloud.bootstrap.config.PropertySourceLocator.locateCollection(PropertySourceLocator.java:51) ~[spring-cloud-context-3.1.6.jar:3.1.6]
	at org.springframework.cloud.bootstrap.config.PropertySourceLocator.locateCollection(PropertySourceLocator.java:47) ~[spring-cloud-context-3.1.6.jar:3.1.6]
	at org.springframework.cloud.bootstrap.config.PropertySourceBootstrapConfiguration.initialize(PropertySourceBootstrapConfiguration.java:95) ~[spring-cloud-context-3.1.6.jar:3.1.6]
	at org.springframework.boot.SpringApplication.applyInitializers(SpringApplication.java:604) ~[spring-boot-2.7.9.jar:2.7.9]
	at org.springframework.boot.SpringApplication.prepareContext(SpringApplication.java:373) ~[spring-boot-2.7.9.jar:2.7.9]
	at org.springframework.boot.SpringApplication.run(SpringApplication.java:306) ~[spring-boot-2.7.9.jar:2.7.9]
	at org.springframework.boot.SpringApplication.run(SpringApplication.java:1303) ~[spring-boot-2.7.9.jar:2.7.9]
	at org.springframework.boot.SpringApplication.run(SpringApplication.java:1292) ~[spring-boot-2.7.9.jar:2.7.9]
	at br.com.anderson.SpringBootLocalstackApplication.main(SpringBootLocalstackApplication.java:10) ~[classes/:na]
Caused by: java.net.SocketException: Network is unreachable: no further information
	at java.base/sun.nio.ch.Net.pollConnect(Native Method) ~[na:na]
	at java.base/sun.nio.ch.Net.pollConnectNow(Net.java:672) ~[na:na]
	at java.base/sun.nio.ch.NioSocketImpl.timedFinishConnect(NioSocketImpl.java:542) ~[na:na]
	at java.base/sun.nio.ch.NioSocketImpl.connect(NioSocketImpl.java:597) ~[na:na]
	at java.base/java.net.Socket.connect(Socket.java:633) ~[na:na]
	at java.base/sun.net.NetworkClient.doConnect(NetworkClient.java:178) ~[na:na]
	at java.base/sun.net.www.http.HttpClient.openServer(HttpClient.java:532) ~[na:na]
	at java.base/sun.net.www.http.HttpClient.openServer(HttpClient.java:637) ~[na:na]
	at java.base/sun.net.www.http.HttpClient.<init>(HttpClient.java:280) ~[na:na]
	at java.base/sun.net.www.http.HttpClient.New(HttpClient.java:385) ~[na:na]
	at java.base/sun.net.www.http.HttpClient.New(HttpClient.java:407) ~[na:na]
	at java.base/sun.net.www.protocol.http.HttpURLConnection.getNewHttpClient(HttpURLConnection.java:1309) ~[na:na]
	at java.base/sun.net.www.protocol.http.HttpURLConnection.plainConnect0(HttpURLConnection.java:1287) ~[na:na]
	at java.base/sun.net.www.protocol.http.HttpURLConnection.plainConnect(HttpURLConnection.java:1128) ~[na:na]
	at java.base/sun.net.www.protocol.http.HttpURLConnection.connect(HttpURLConnection.java:1057) ~[na:na]
	at com.amazonaws.internal.ConnectionUtils.connectToEndpoint(ConnectionUtils.java:95) ~[aws-java-sdk-core-1.12.266.jar:na]
	at com.amazonaws.internal.EC2ResourceFetcher.doReadResource(EC2ResourceFetcher.java:80) ~[aws-java-sdk-core-1.12.266.jar:na]
	... 37 common frames omitted

2023-03-12 15:10:23.379  INFO 4752 --- [main] i.a.c.p.AwsParamStorePropertySources     : Loading property from AWS Parameter Store with name: /config/spring-boot-localstack_localstack/, optional: false
2023-03-12 15:10:23.398 ERROR 4752 --- [main] o.s.boot.SpringApplication               : Application run failed

io.awspring.cloud.paramstore.AwsParamStorePropertySources$AwsParameterPropertySourceNotFoundException: com.amazonaws.SdkClientException: Unable to load AWS credentials from any provider in the chain: [EnvironmentVariableCredentialsProvider: Unable to load AWS credentials from environment variables (AWS_ACCESS_KEY_ID (or AWS_ACCESS_KEY) and AWS_SECRET_KEY (or AWS_SECRET_ACCESS_KEY)), SystemPropertiesCredentialsProvider: Unable to load AWS credentials from Java system properties (aws.accessKeyId and aws.secretKey), WebIdentityTokenCredentialsProvider: To use assume role profiles the aws-java-sdk-sts module must be on the class path., com.amazonaws.auth.profile.ProfileCredentialsProvider@7e5843db: No AWS profile named 'default', com.amazonaws.auth.EC2ContainerCredentialsProviderWrapper@44032fde: Failed to connect to service endpoint: ]
	at io.awspring.cloud.paramstore.AwsParamStorePropertySources.createPropertySource(AwsParamStorePropertySources.java:105) ~[spring-cloud-aws-parameter-store-config-2.4.2.jar:2.4.2]
	at io.awspring.cloud.paramstore.AwsParamStorePropertySourceLocator.locate(AwsParamStorePropertySourceLocator.java:87) ~[spring-cloud-aws-parameter-store-config-2.4.2.jar:2.4.2]
	at org.springframework.cloud.bootstrap.config.PropertySourceLocator.locateCollection(PropertySourceLocator.java:51) ~[spring-cloud-context-3.1.6.jar:3.1.6]
	at org.springframework.cloud.bootstrap.config.PropertySourceLocator.locateCollection(PropertySourceLocator.java:47) ~[spring-cloud-context-3.1.6.jar:3.1.6]
	at org.springframework.cloud.bootstrap.config.PropertySourceBootstrapConfiguration.initialize(PropertySourceBootstrapConfiguration.java:95) ~[spring-cloud-context-3.1.6.jar:3.1.6]
	at org.springframework.boot.SpringApplication.applyInitializers(SpringApplication.java:604) ~[spring-boot-2.7.9.jar:2.7.9]
	at org.springframework.boot.SpringApplication.prepareContext(SpringApplication.java:373) ~[spring-boot-2.7.9.jar:2.7.9]
	at org.springframework.boot.SpringApplication.run(SpringApplication.java:306) ~[spring-boot-2.7.9.jar:2.7.9]
	at org.springframework.boot.SpringApplication.run(SpringApplication.java:1303) ~[spring-boot-2.7.9.jar:2.7.9]
	at org.springframework.boot.SpringApplication.run(SpringApplication.java:1292) ~[spring-boot-2.7.9.jar:2.7.9]
	at br.com.anderson.SpringBootLocalstackApplication.main(SpringBootLocalstackApplication.java:10) ~[classes/:na]
Caused by: com.amazonaws.SdkClientException: Unable to load AWS credentials from any provider in the chain: [EnvironmentVariableCredentialsProvider: Unable to load AWS credentials from environment variables (AWS_ACCESS_KEY_ID (or AWS_ACCESS_KEY) and AWS_SECRET_KEY (or AWS_SECRET_ACCESS_KEY)), SystemPropertiesCredentialsProvider: Unable to load AWS credentials from Java system properties (aws.accessKeyId and aws.secretKey), WebIdentityTokenCredentialsProvider: To use assume role profiles the aws-java-sdk-sts module must be on the class path., com.amazonaws.auth.profile.ProfileCredentialsProvider@7e5843db: No AWS profile named 'default', com.amazonaws.auth.EC2ContainerCredentialsProviderWrapper@44032fde: Failed to connect to service endpoint: ]
	at com.amazonaws.auth.AWSCredentialsProviderChain.getCredentials(AWSCredentialsProviderChain.java:136) ~[aws-java-sdk-core-1.12.266.jar:na]
	at com.amazonaws.http.AmazonHttpClient$RequestExecutor.getCredentialsFromContext(AmazonHttpClient.java:1269) ~[aws-java-sdk-core-1.12.266.jar:na]
	at com.amazonaws.http.AmazonHttpClient$RequestExecutor.runBeforeRequestHandlers(AmazonHttpClient.java:845) ~[aws-java-sdk-core-1.12.266.jar:na]
	at com.amazonaws.http.AmazonHttpClient$RequestExecutor.doExecute(AmazonHttpClient.java:794) ~[aws-java-sdk-core-1.12.266.jar:na]
	at com.amazonaws.http.AmazonHttpClient$RequestExecutor.executeWithTimer(AmazonHttpClient.java:781) ~[aws-java-sdk-core-1.12.266.jar:na]
	at com.amazonaws.http.AmazonHttpClient$RequestExecutor.execute(AmazonHttpClient.java:755) ~[aws-java-sdk-core-1.12.266.jar:na]
	at com.amazonaws.http.AmazonHttpClient$RequestExecutor.access$500(AmazonHttpClient.java:715) ~[aws-java-sdk-core-1.12.266.jar:na]
	at com.amazonaws.http.AmazonHttpClient$RequestExecutionBuilderImpl.execute(AmazonHttpClient.java:697) ~[aws-java-sdk-core-1.12.266.jar:na]
	at com.amazonaws.http.AmazonHttpClient.execute(AmazonHttpClient.java:561) ~[aws-java-sdk-core-1.12.266.jar:na]
	at com.amazonaws.http.AmazonHttpClient.execute(AmazonHttpClient.java:541) ~[aws-java-sdk-core-1.12.266.jar:na]
	at com.amazonaws.services.simplesystemsmanagement.AWSSimpleSystemsManagementClient.doInvoke(AWSSimpleSystemsManagementClient.java:10857) ~[aws-java-sdk-ssm-1.12.266.jar:na]
	at com.amazonaws.services.simplesystemsmanagement.AWSSimpleSystemsManagementClient.invoke(AWSSimpleSystemsManagementClient.java:10824) ~[aws-java-sdk-ssm-1.12.266.jar:na]
	at com.amazonaws.services.simplesystemsmanagement.AWSSimpleSystemsManagementClient.invoke(AWSSimpleSystemsManagementClient.java:10813) ~[aws-java-sdk-ssm-1.12.266.jar:na]
	at com.amazonaws.services.simplesystemsmanagement.AWSSimpleSystemsManagementClient.executeGetParametersByPath(AWSSimpleSystemsManagementClient.java:6568) ~[aws-java-sdk-ssm-1.12.266.jar:na]
	at com.amazonaws.services.simplesystemsmanagement.AWSSimpleSystemsManagementClient.getParametersByPath(AWSSimpleSystemsManagementClient.java:6537) ~[aws-java-sdk-ssm-1.12.266.jar:na]
	at io.awspring.cloud.paramstore.AwsParamStorePropertySource.getParameters(AwsParamStorePropertySource.java:69) ~[spring-cloud-aws-parameter-store-config-2.4.2.jar:2.4.2]
	at io.awspring.cloud.paramstore.AwsParamStorePropertySource.init(AwsParamStorePropertySource.java:55) ~[spring-cloud-aws-parameter-store-config-2.4.2.jar:2.4.2]
	at io.awspring.cloud.paramstore.AwsParamStorePropertySources.createPropertySource(AwsParamStorePropertySources.java:99) ~[spring-cloud-aws-parameter-store-config-2.4.2.jar:2.4.2]
	... 10 common frames omitted

